<?xml version="1.0" encoding="UTF-8"?>
<!-- Generated by org.testng.reporters.JUnitReportReporter -->
<testsuite hostname="LAPTOP-185DVRJL" failures="0" tests="1" name="testcases.TestCase1" time="14.137" errors="0" timestamp="2021-12-12T15:28:26 EST" skipped="0">
  <testcase classname="testcases.TestCase1" name="testCase1" time="14.137"/>
  <system-out/>
</testsuite> <!-- testcases.TestCase1 -->
