<?xml version="1.0" encoding="UTF-8"?>
<!-- Generated by org.testng.reporters.JUnitReportReporter -->
<testsuite hostname="LAPTOP-185DVRJL" failures="0" tests="1" name="testcases.TestCase2" time="59.328" errors="0" timestamp="2021-12-14T11:12:39 EST" skipped="0">
  <testcase classname="testcases.TestCase2" name="testCase1" time="59.328"/>
  <system-out/>
</testsuite> <!-- testcases.TestCase2 -->
