<?xml version="1.0" encoding="UTF-8"?>
<!-- Generated by org.testng.reporters.JUnitReportReporter -->
<testsuite hostname="LAPTOP-185DVRJL" failures="0" tests="1" name="testcases.TestCase1" time="57.760" errors="0" timestamp="2021-12-14T11:11:03 EST" skipped="0">
  <testcase classname="testcases.TestCase1" name="testCase1" time="57.760"/>
  <system-out/>
</testsuite> <!-- testcases.TestCase1 -->
