<?xml version="1.0" encoding="UTF-8"?>
<!-- Generated by org.testng.reporters.JUnitReportReporter -->
<testsuite hostname="LAPTOP-185DVRJL" failures="0" tests="1" name="testcases.TestCase2" time="24.477" errors="0" timestamp="2021-12-13T14:19:28 EST" skipped="0">
  <testcase classname="testcases.TestCase2" name="testCase1" time="24.477"/>
  <system-out/>
</testsuite> <!-- testcases.TestCase2 -->
